!SESSION 2018-02-27 12:13:00.439 -----------------------------------------------
eclipse.buildId=4.7.1.M20171009-0410
java.version=1.8.0_131
java.vendor=Oracle Corporation
BootLoader constants: OS=win32, ARCH=x86_64, WS=win32, NL=de_CH
Framework arguments:  -product org.eclipse.epp.package.java.product -product org.eclipse.epp.package.java.product
Command-line arguments:  -os win32 -ws win32 -arch x86_64 -product org.eclipse.epp.package.java.product -data C:\Users\KSchw\OneDrive\HSR\ECLIPSE -product org.eclipse.epp.package.java.product

!ENTRY org.eclipse.egit.ui 2 0 2018-02-27 12:13:08.519
!MESSAGE Warning: The environment variable HOME is not set. The following directory will be used to store the Git
user global configuration and to define the default location to store repositories: 'C:\Users\KSchw'. If this is
not correct please set the HOME environment variable and restart Eclipse. Otherwise Git for Windows and
EGit might behave differently since they see different configuration options.
This warning can be switched off on the Team > Git > Confirmations and Warnings preference page.
!SESSION 2018-03-02 19:30:21.228 -----------------------------------------------
eclipse.buildId=4.7.1.M20171009-0410
java.version=9.0.1
java.vendor=Oracle Corporation
BootLoader constants: OS=win32, ARCH=x86_64, WS=win32, NL=de_CH
Framework arguments:  -product org.eclipse.epp.package.java.product
Command-line arguments:  -os win32 -ws win32 -arch x86_64 -product org.eclipse.epp.package.java.product

!ENTRY org.eclipse.e4.ui.workbench 4 0 2018-03-02 19:30:50.029
!MESSAGE Unable to retrieve the bundle from the URI: bundleclass://org.eclipse.recommenders.news.rcp/org.eclipse.recommenders.internal.news.rcp.poll.PollNewsFeedsHandler

!ENTRY org.eclipse.e4.ui.workbench 4 0 2018-03-02 19:30:50.035
!MESSAGE Unable to retrieve the bundle from the URI: bundleclass://org.eclipse.recommenders.news.rcp/org.eclipse.recommenders.internal.news.rcp.read.ReadNewsItemsHandler

!ENTRY org.eclipse.e4.ui.workbench 4 0 2018-03-02 19:31:00.021
!MESSAGE Unable to retrieve the bundle from the URI: bundleclass://org.eclipse.recommenders.news.rcp/org.eclipse.recommenders.internal.news.rcp.toolbar.NewsToolControl

!ENTRY org.eclipse.egit.ui 2 0 2018-03-02 19:31:01.740
!MESSAGE Warning: The environment variable HOME is not set. The following directory will be used to store the Git
user global configuration and to define the default location to store repositories: 'C:\Users\Kevin'. If this is
not correct please set the HOME environment variable and restart Eclipse. Otherwise Git for Windows and
EGit might behave differently since they see different configuration options.
This warning can be switched off on the Team > Git > Confirmations and Warnings preference page.
!SESSION 2018-03-03 08:35:18.642 -----------------------------------------------
eclipse.buildId=4.7.1.M20171009-0410
java.version=9.0.1
java.vendor=Oracle Corporation
BootLoader constants: OS=win32, ARCH=x86_64, WS=win32, NL=de_CH
Framework arguments:  -product org.eclipse.epp.package.java.product
Command-line arguments:  -os win32 -ws win32 -arch x86_64 -product org.eclipse.epp.package.java.product

!ENTRY org.eclipse.e4.ui.workbench 4 0 2018-03-03 08:35:26.552
!MESSAGE Unable to retrieve the bundle from the URI: bundleclass://org.eclipse.recommenders.news.rcp/org.eclipse.recommenders.internal.news.rcp.poll.PollNewsFeedsHandler

!ENTRY org.eclipse.e4.ui.workbench 4 0 2018-03-03 08:35:26.557
!MESSAGE Unable to retrieve the bundle from the URI: bundleclass://org.eclipse.recommenders.news.rcp/org.eclipse.recommenders.internal.news.rcp.read.ReadNewsItemsHandler

!ENTRY org.eclipse.e4.ui.workbench 4 0 2018-03-03 08:35:34.599
!MESSAGE Unable to retrieve the bundle from the URI: bundleclass://org.eclipse.recommenders.news.rcp/org.eclipse.recommenders.internal.news.rcp.toolbar.NewsToolControl

!ENTRY org.eclipse.egit.ui 2 0 2018-03-03 08:35:35.975
!MESSAGE Warning: The environment variable HOME is not set. The following directory will be used to store the Git
user global configuration and to define the default location to store repositories: 'C:\Users\Kevin'. If this is
not correct please set the HOME environment variable and restart Eclipse. Otherwise Git for Windows and
EGit might behave differently since they see different configuration options.
This warning can be switched off on the Team > Git > Confirmations and Warnings preference page.

!ENTRY org.eclipse.equinox.p2.touchpoint.natives 2 0 2018-03-03 08:36:50.859
!MESSAGE Could not remove temporary backup directory (it is safe to manually delete it and its contents): C:\Users\Kevin\AppData\Local\Temp\C__Users_Kevin_eclipse_java-oxygen_eclipse_2c3d5956fc40_c0a80012c613

!ENTRY org.eclipse.oomph.setup.ui 1 0 2018-03-03 08:36:50.944
!MESSAGE Setup tasks were performed during startup. See 'C:\Users\Kevin\eclipse\java-oxygen\eclipse\configuration\org.eclipse.oomph.setup\setup.log' for details

!ENTRY org.eclipse.recommenders.models.rcp 1 11 2018-03-03 10:30:28.500
!MESSAGE The model index service was accessed either before it started or after it finished running.
!STACK 0
org.eclipse.recommenders.utils.Logs$LogTraceException
	at org.eclipse.recommenders.utils.Logs$LogTraceException.newTrace(Logs.java:381)
	at org.eclipse.recommenders.utils.Logs.log(Logs.java:134)
	at org.eclipse.recommenders.utils.Logs.log(Logs.java:126)
	at org.eclipse.recommenders.internal.models.rcp.EclipseModelIndex.suggest(EclipseModelIndex.java:211)
	at org.eclipse.recommenders.models.SimpleModelProvider.acquireModel(SimpleModelProvider.java:70)
	at org.eclipse.recommenders.models.PoolingModelProvider.access$0(PoolingModelProvider.java:1)
	at org.eclipse.recommenders.models.PoolingModelProvider$ModelPoolFactoryMediator.makeObject(PoolingModelProvider.java:96)
	at org.eclipse.recommenders.models.PoolingModelProvider$ModelPoolFactoryMediator.makeObject(PoolingModelProvider.java:1)
	at org.apache.commons.pool.impl.GenericKeyedObjectPool.borrowObject(GenericKeyedObjectPool.java:1220)
	at org.eclipse.recommenders.models.PoolingModelProvider.acquireModel(PoolingModelProvider.java:67)
	at org.eclipse.recommenders.internal.overrides.rcp.RcpOverrideModelProvider.acquireModel(RcpOverrideModelProvider.java:66)
	at org.eclipse.recommenders.internal.overrides.rcp.OverrideCompletionSessionProcessor.hasModel(OverrideCompletionSessionProcessor.java:121)
	at org.eclipse.recommenders.internal.overrides.rcp.OverrideCompletionSessionProcessor.startSession(OverrideCompletionSessionProcessor.java:86)
	at org.eclipse.recommenders.completion.rcp.processable.IntelligentCompletionProposalComputer.fireStartSession(IntelligentCompletionProposalComputer.java:305)
	at org.eclipse.recommenders.completion.rcp.processable.IntelligentCompletionProposalComputer.computeCompletionProposals(IntelligentCompletionProposalComputer.java:171)
	at org.eclipse.jdt.internal.ui.text.java.CompletionProposalComputerDescriptor.computeCompletionProposals(CompletionProposalComputerDescriptor.java:333)
	at org.eclipse.jdt.internal.ui.text.java.CompletionProposalCategory.computeCompletionProposals(CompletionProposalCategory.java:337)
	at org.eclipse.jdt.internal.ui.text.java.ContentAssistProcessor.collectProposals(ContentAssistProcessor.java:331)
	at org.eclipse.jdt.internal.ui.text.java.ContentAssistProcessor.computeCompletionProposals(ContentAssistProcessor.java:288)
	at org.eclipse.jface.text.contentassist.ContentAssistant$3.run(ContentAssistant.java:2007)
	at org.eclipse.core.runtime.SafeRunner.run(SafeRunner.java:42)
	at org.eclipse.jface.text.contentassist.ContentAssistant.computeCompletionProposals(ContentAssistant.java:2004)
	at org.eclipse.jface.text.contentassist.CompletionProposalPopup.computeProposals(CompletionProposalPopup.java:560)
	at org.eclipse.jface.text.contentassist.CompletionProposalPopup.access$7(CompletionProposalPopup.java:555)
	at org.eclipse.jface.text.contentassist.CompletionProposalPopup$2.run(CompletionProposalPopup.java:489)
	at org.eclipse.swt.custom.BusyIndicator.showWhile(BusyIndicator.java:70)
	at org.eclipse.jface.text.contentassist.CompletionProposalPopup.showProposals(CompletionProposalPopup.java:482)
	at org.eclipse.jface.text.contentassist.ContentAssistant.showPossibleCompletions(ContentAssistant.java:1823)
	at org.eclipse.jdt.internal.ui.javaeditor.CompilationUnitEditor$AdaptedSourceViewer.doOperation(CompilationUnitEditor.java:184)
	at org.eclipse.ui.texteditor.ContentAssistAction$1.run(ContentAssistAction.java:84)
	at org.eclipse.swt.custom.BusyIndicator.showWhile(BusyIndicator.java:70)
	at org.eclipse.ui.texteditor.ContentAssistAction.run(ContentAssistAction.java:81)
	at org.eclipse.jface.action.Action.runWithEvent(Action.java:473)
	at org.eclipse.jface.commands.ActionHandler.execute(ActionHandler.java:118)
	at org.eclipse.ui.internal.handlers.E4HandlerProxy.execute(E4HandlerProxy.java:92)
	at java.base/jdk.internal.reflect.NativeMethodAccessorImpl.invoke0(Native Method)
	at java.base/jdk.internal.reflect.NativeMethodAccessorImpl.invoke(Unknown Source)
	at java.base/jdk.internal.reflect.DelegatingMethodAccessorImpl.invoke(Unknown Source)
	at java.base/java.lang.reflect.Method.invoke(Unknown Source)
	at org.eclipse.e4.core.internal.di.MethodRequestor.execute(MethodRequestor.java:55)
	at org.eclipse.e4.core.internal.di.InjectorImpl.invokeUsingClass(InjectorImpl.java:305)
	at org.eclipse.e4.core.internal.di.InjectorImpl.invoke(InjectorImpl.java:239)
	at org.eclipse.e4.core.contexts.ContextInjectionFactory.invoke(ContextInjectionFactory.java:132)
	at org.eclipse.e4.core.commands.internal.HandlerServiceHandler.execute(HandlerServiceHandler.java:152)
	at org.eclipse.core.commands.Command.executeWithChecks(Command.java:494)
	at org.eclipse.core.commands.ParameterizedCommand.executeWithChecks(ParameterizedCommand.java:487)
	at org.eclipse.e4.core.commands.internal.HandlerServiceImpl.executeHandler(HandlerServiceImpl.java:210)
	at org.eclipse.e4.ui.bindings.keys.KeyBindingDispatcher.executeCommand(KeyBindingDispatcher.java:287)
	at org.eclipse.e4.ui.bindings.keys.KeyBindingDispatcher.press(KeyBindingDispatcher.java:527)
	at org.eclipse.e4.ui.bindings.keys.KeyBindingDispatcher.processKeyEvent(KeyBindingDispatcher.java:577)
	at org.eclipse.e4.ui.bindings.keys.KeyBindingDispatcher.filterKeySequenceBindings(KeyBindingDispatcher.java:385)
	at org.eclipse.e4.ui.bindings.keys.KeyBindingDispatcher.access$0(KeyBindingDispatcher.java:331)
	at org.eclipse.e4.ui.bindings.keys.KeyBindingDispatcher$KeyDownFilter.handleEvent(KeyBindingDispatcher.java:88)
	at org.eclipse.swt.widgets.EventTable.sendEvent(EventTable.java:86)
	at org.eclipse.swt.widgets.Display.filterEvent(Display.java:1271)
	at org.eclipse.swt.widgets.Widget.sendEvent(Widget.java:1078)
	at org.eclipse.swt.widgets.Widget.sendEvent(Widget.java:1103)
	at org.eclipse.swt.widgets.Widget.sendEvent(Widget.java:1088)
	at org.eclipse.swt.widgets.Widget.sendKeyEvent(Widget.java:1130)
	at org.eclipse.swt.widgets.Widget.sendKeyEvent(Widget.java:1126)
	at org.eclipse.swt.widgets.Widget.wmChar(Widget.java:1547)
	at org.eclipse.swt.widgets.Control.WM_CHAR(Control.java:4962)
	at org.eclipse.swt.widgets.Canvas.WM_CHAR(Canvas.java:364)
	at org.eclipse.swt.widgets.Control.windowProc(Control.java:4843)
	at org.eclipse.swt.widgets.Canvas.windowProc(Canvas.java:359)
	at org.eclipse.swt.widgets.Display.windowProc(Display.java:5178)
	at org.eclipse.swt.internal.win32.OS.DispatchMessageW(Native Method)
	at org.eclipse.swt.internal.win32.OS.DispatchMessage(OS.java:2560)
	at org.eclipse.swt.widgets.Display.readAndDispatch(Display.java:3815)
	at org.eclipse.e4.ui.internal.workbench.swt.PartRenderingEngine$5.run(PartRenderingEngine.java:1150)
	at org.eclipse.core.databinding.observable.Realm.runWithDefault(Realm.java:336)
	at org.eclipse.e4.ui.internal.workbench.swt.PartRenderingEngine.run(PartRenderingEngine.java:1039)
	at org.eclipse.e4.ui.internal.workbench.E4Workbench.createAndRunUI(E4Workbench.java:153)
	at org.eclipse.ui.internal.Workbench.lambda$3(Workbench.java:680)
	at org.eclipse.core.databinding.observable.Realm.runWithDefault(Realm.java:336)
	at org.eclipse.ui.internal.Workbench.createAndRunWorkbench(Workbench.java:594)
	at org.eclipse.ui.PlatformUI.createAndRunWorkbench(PlatformUI.java:148)
	at org.eclipse.ui.internal.ide.application.IDEApplication.start(IDEApplication.java:151)
	at org.eclipse.equinox.internal.app.EclipseAppHandle.run(EclipseAppHandle.java:196)
	at org.eclipse.core.runtime.internal.adaptor.EclipseAppLauncher.runApplication(EclipseAppLauncher.java:134)
	at org.eclipse.core.runtime.internal.adaptor.EclipseAppLauncher.start(EclipseAppLauncher.java:104)
	at org.eclipse.core.runtime.adaptor.EclipseStarter.run(EclipseStarter.java:388)
	at org.eclipse.core.runtime.adaptor.EclipseStarter.run(EclipseStarter.java:243)
	at java.base/jdk.internal.reflect.NativeMethodAccessorImpl.invoke0(Native Method)
	at java.base/jdk.internal.reflect.NativeMethodAccessorImpl.invoke(Unknown Source)
	at java.base/jdk.internal.reflect.DelegatingMethodAccessorImpl.invoke(Unknown Source)
	at java.base/java.lang.reflect.Method.invoke(Unknown Source)
	at org.eclipse.equinox.launcher.Main.invokeFramework(Main.java:653)
	at org.eclipse.equinox.launcher.Main.basicRun(Main.java:590)
	at org.eclipse.equinox.launcher.Main.run(Main.java:1499)
	at org.eclipse.equinox.launcher.Main.main(Main.java:1472)
!SESSION 2018-03-06 11:19:08.419 -----------------------------------------------
eclipse.buildId=4.7.1.M20171009-0410
java.version=1.8.0_131
java.vendor=Oracle Corporation
BootLoader constants: OS=win32, ARCH=x86_64, WS=win32, NL=de_CH
Framework arguments:  -product org.eclipse.epp.package.java.product
Command-line arguments:  -os win32 -ws win32 -arch x86_64 -product org.eclipse.epp.package.java.product

!ENTRY org.eclipse.core.resources 4 567 2018-03-06 11:19:17.901
!MESSAGE Workspace restored, but some problems occurred.
!SUBENTRY 1 org.eclipse.core.resources 4 567 2018-03-06 11:19:17.901
!MESSAGE Could not read metadata for 'dbs2.jpa_exercise_continued'.
!STACK 1
org.eclipse.core.internal.resources.ResourceException: The project description file (.project) for 'dbs2.jpa_exercise_continued' is missing.  This file contains important information about the project.  The project will not function properly until this file is restored.
	at org.eclipse.core.internal.localstore.FileSystemResourceManager.read(FileSystemResourceManager.java:901)
	at org.eclipse.core.internal.resources.SaveManager.restoreMetaInfo(SaveManager.java:904)
	at org.eclipse.core.internal.resources.SaveManager.restoreMetaInfo(SaveManager.java:884)
	at org.eclipse.core.internal.resources.SaveManager.restore(SaveManager.java:735)
	at org.eclipse.core.internal.resources.SaveManager.startup(SaveManager.java:1587)
	at org.eclipse.core.internal.resources.Workspace.startup(Workspace.java:2399)
	at org.eclipse.core.internal.resources.Workspace.open(Workspace.java:2156)
	at org.eclipse.core.resources.ResourcesPlugin.start(ResourcesPlugin.java:467)
	at org.eclipse.osgi.internal.framework.BundleContextImpl$3.run(BundleContextImpl.java:779)
	at org.eclipse.osgi.internal.framework.BundleContextImpl$3.run(BundleContextImpl.java:1)
	at java.security.AccessController.doPrivileged(Native Method)
	at org.eclipse.osgi.internal.framework.BundleContextImpl.startActivator(BundleContextImpl.java:772)
	at org.eclipse.osgi.internal.framework.BundleContextImpl.start(BundleContextImpl.java:729)
	at org.eclipse.osgi.internal.framework.EquinoxBundle.startWorker0(EquinoxBundle.java:933)
	at org.eclipse.osgi.internal.framework.EquinoxBundle$EquinoxModule.startWorker(EquinoxBundle.java:309)
	at org.eclipse.osgi.container.Module.doStart(Module.java:581)
	at org.eclipse.osgi.container.Module.start(Module.java:449)
	at org.eclipse.osgi.framework.util.SecureAction.start(SecureAction.java:468)
	at org.eclipse.osgi.internal.hooks.EclipseLazyStarter.postFindLocalClass(EclipseLazyStarter.java:103)
	at org.eclipse.osgi.internal.loader.classpath.ClasspathManager.findLocalClass(ClasspathManager.java:529)
	at org.eclipse.osgi.internal.loader.ModuleClassLoader.findLocalClass(ModuleClassLoader.java:328)
	at org.eclipse.osgi.internal.loader.BundleLoader.findLocalClass(BundleLoader.java:368)
	at org.eclipse.osgi.internal.loader.sources.SingleSourcePackage.loadClass(SingleSourcePackage.java:36)
	at org.eclipse.osgi.internal.loader.BundleLoader.findClassInternal(BundleLoader.java:442)
	at org.eclipse.osgi.internal.loader.BundleLoader.findClass(BundleLoader.java:395)
	at org.eclipse.osgi.internal.loader.BundleLoader.findClass(BundleLoader.java:387)
	at org.eclipse.osgi.internal.loader.ModuleClassLoader.loadClass(ModuleClassLoader.java:150)
	at java.lang.ClassLoader.loadClass(ClassLoader.java:357)
	at org.eclipse.ui.internal.ide.application.IDEApplication.start(IDEApplication.java:152)
	at org.eclipse.equinox.internal.app.EclipseAppHandle.run(EclipseAppHandle.java:196)
	at org.eclipse.core.runtime.internal.adaptor.EclipseAppLauncher.runApplication(EclipseAppLauncher.java:134)
	at org.eclipse.core.runtime.internal.adaptor.EclipseAppLauncher.start(EclipseAppLauncher.java:104)
	at org.eclipse.core.runtime.adaptor.EclipseStarter.run(EclipseStarter.java:388)
	at org.eclipse.core.runtime.adaptor.EclipseStarter.run(EclipseStarter.java:243)
	at sun.reflect.NativeMethodAccessorImpl.invoke0(Native Method)
	at sun.reflect.NativeMethodAccessorImpl.invoke(NativeMethodAccessorImpl.java:62)
	at sun.reflect.DelegatingMethodAccessorImpl.invoke(DelegatingMethodAccessorImpl.java:43)
	at java.lang.reflect.Method.invoke(Method.java:498)
	at org.eclipse.equinox.launcher.Main.invokeFramework(Main.java:653)
	at org.eclipse.equinox.launcher.Main.basicRun(Main.java:590)
	at org.eclipse.equinox.launcher.Main.run(Main.java:1499)
!SUBENTRY 2 org.eclipse.core.resources 4 567 2018-03-06 11:19:17.903
!MESSAGE The project description file (.project) for 'dbs2.jpa_exercise_continued' is missing.  This file contains important information about the project.  The project will not function properly until this file is restored.

!ENTRY org.eclipse.egit.ui 2 0 2018-03-06 11:19:37.743
!MESSAGE Warning: The environment variable HOME is not set. The following directory will be used to store the Git
user global configuration and to define the default location to store repositories: 'C:\Users\KSchw'. If this is
not correct please set the HOME environment variable and restart Eclipse. Otherwise Git for Windows and
EGit might behave differently since they see different configuration options.
This warning can be switched off on the Team > Git > Confirmations and Warnings preference page.
!SESSION 2018-03-08 14:32:59.476 -----------------------------------------------
eclipse.buildId=4.7.1.M20171009-0410
java.version=1.8.0_131
java.vendor=Oracle Corporation
BootLoader constants: OS=win32, ARCH=x86_64, WS=win32, NL=de_CH
Framework arguments:  -product org.eclipse.epp.package.java.product
Command-line arguments:  -os win32 -ws win32 -arch x86_64 -product org.eclipse.epp.package.java.product

!ENTRY org.eclipse.core.resources 2 10035 2018-03-08 14:33:05.683
!MESSAGE The workspace exited with unsaved changes in the previous session; refreshing workspace to recover changes.

!ENTRY org.eclipse.egit.ui 2 0 2018-03-08 14:33:19.214
!MESSAGE Warning: The environment variable HOME is not set. The following directory will be used to store the Git
user global configuration and to define the default location to store repositories: 'C:\Users\KSchw'. If this is
not correct please set the HOME environment variable and restart Eclipse. Otherwise Git for Windows and
EGit might behave differently since they see different configuration options.
This warning can be switched off on the Team > Git > Confirmations and Warnings preference page.

!ENTRY org.eclipse.m2e.logback.appender 2 0 2018-03-08 15:45:41.513
!MESSAGE Failed to download jre:jre:ovrm:zip:1.0.0
!STACK 0
org.eclipse.aether.resolution.ArtifactResolutionException: Could not transfer artifact jre:jre:zip:ovrm:1.0.0-20171110.192224-5 from/to models (http://download.eclipse.org/recommenders/models/oxygen/): download.eclipse.org
	at org.eclipse.aether.internal.impl.DefaultArtifactResolver.resolve(DefaultArtifactResolver.java:453)
	at org.eclipse.aether.internal.impl.DefaultArtifactResolver.resolveArtifacts(DefaultArtifactResolver.java:255)
	at org.eclipse.aether.internal.impl.DefaultArtifactResolver.resolveArtifact(DefaultArtifactResolver.java:232)
	at org.eclipse.aether.internal.impl.DefaultRepositorySystem.resolveArtifact(DefaultRepositorySystem.java:303)
	at org.eclipse.recommenders.models.ModelRepository.resolveInternal(ModelRepository.java:193)
	at org.eclipse.recommenders.models.ModelRepository.resolve(ModelRepository.java:172)
	at org.eclipse.recommenders.internal.models.rcp.EclipseModelRepository.resolve(EclipseModelRepository.java:168)
	at org.eclipse.recommenders.internal.models.rcp.DownloadModelArchiveJob.run(DownloadModelArchiveJob.java:76)
	at org.eclipse.core.internal.jobs.Worker.run(Worker.java:56)
Caused by: org.eclipse.aether.transfer.ArtifactTransferException: Could not transfer artifact jre:jre:zip:ovrm:1.0.0-20171110.192224-5 from/to models (http://download.eclipse.org/recommenders/models/oxygen/): download.eclipse.org
	at org.eclipse.aether.connector.basic.ArtifactTransportListener.transferFailed(ArtifactTransportListener.java:52)
	at org.eclipse.aether.connector.basic.BasicRepositoryConnector$TaskRunner.run(BasicRepositoryConnector.java:364)
	at org.eclipse.aether.util.concurrency.RunnableErrorForwarder$1.run(RunnableErrorForwarder.java:76)
	at org.eclipse.aether.connector.basic.BasicRepositoryConnector$DirectExecutor.execute(BasicRepositoryConnector.java:590)
	at org.eclipse.aether.connector.basic.BasicRepositoryConnector.get(BasicRepositoryConnector.java:258)
	at org.eclipse.aether.internal.impl.DefaultArtifactResolver.performDownloads(DefaultArtifactResolver.java:529)
	at org.eclipse.aether.internal.impl.DefaultArtifactResolver.resolve(DefaultArtifactResolver.java:430)
	... 8 more
Caused by: java.net.UnknownHostException: download.eclipse.org
	at java.net.Inet6AddressImpl.lookupAllHostAddr(Native Method)
	at java.net.InetAddress$2.lookupAllHostAddr(InetAddress.java:928)
	at java.net.InetAddress.getAddressesFromNameService(InetAddress.java:1323)
	at java.net.InetAddress.getAllByName0(InetAddress.java:1276)
	at java.net.InetAddress.getAllByName(InetAddress.java:1192)
	at java.net.InetAddress.getAllByName(InetAddress.java:1126)
	at org.apache.http.impl.conn.SystemDefaultDnsResolver.resolve(SystemDefaultDnsResolver.java:45)
	at org.apache.http.impl.conn.DefaultClientConnectionOperator.resolveHostname(DefaultClientConnectionOperator.java:262)
	at org.apache.http.impl.conn.DefaultClientConnectionOperator.openConnection(DefaultClientConnectionOperator.java:161)
	at org.apache.http.impl.conn.ManagedClientConnectionImpl.open(ManagedClientConnectionImpl.java:328)
	at org.apache.http.impl.client.DefaultRequestDirector.tryConnect(DefaultRequestDirector.java:612)
	at org.apache.http.impl.client.DefaultRequestDirector.execute(DefaultRequestDirector.java:447)
	at org.apache.http.impl.client.AbstractHttpClient.doExecute(AbstractHttpClient.java:884)
	at org.apache.http.impl.client.CloseableHttpClient.execute(CloseableHttpClient.java:71)
	at org.apache.http.impl.client.CloseableHttpClient.execute(CloseableHttpClient.java:55)
	at org.apache.http.impl.client.DecompressingHttpClient.execute(DecompressingHttpClient.java:164)
	at org.eclipse.aether.transport.http.HttpTransporter.execute(HttpTransporter.java:296)
	at org.eclipse.aether.transport.http.HttpTransporter.implGet(HttpTransporter.java:252)
	at org.eclipse.aether.spi.connector.transport.AbstractTransporter.get(AbstractTransporter.java:68)
	at org.eclipse.aether.connector.basic.BasicRepositoryConnector$GetTaskRunner.runTask(BasicRepositoryConnector.java:456)
	at org.eclipse.aether.connector.basic.BasicRepositoryConnector$TaskRunner.run(BasicRepositoryConnector.java:359)
	... 13 more

!ENTRY org.eclipse.recommenders.models.rcp 1 0 2018-03-08 15:45:41.520
!MESSAGE jre:jre:ovrm:zip:1.0.0 could not be resolved from the model repositories. Are you offline?
